16:41:10.364 [main] INFO  com.cases.Login - Driver is initialized.
16:41:24.246 [main] INFO  com.cases.Login - Successfully Logged In
16:41:24.984 [main] INFO  com.cases.Login - Driver is closed
16:44:19.042 [TestNG-tests-3] INFO  com.cases.ValidateTitle - Driver is initialized.
16:44:19.114 [TestNG-tests-1] INFO  com.cases.Login - Driver is initialized.
16:44:19.546 [TestNG-tests-4] INFO  com.cases.BookAppointment - Driver is initialized.
16:44:20.310 [TestNG-tests-2] INFO  com.cases.ValidateFooter - Driver is initialized.
16:44:29.543 [TestNG-tests-2] INFO  com.cases.ValidateFooter - Footer is displayed
16:44:35.748 [TestNG-tests-2] INFO  com.cases.ValidateFooter - Driver is closed
16:44:37.790 [TestNG-tests-1] INFO  com.cases.Login - Successfully Logged In
16:44:38.995 [TestNG-tests-3] INFO  com.cases.ValidateTitle - Driver is closed
16:44:39.780 [TestNG-tests-1] INFO  com.cases.Login - Driver is closed
16:44:42.080 [TestNG-tests-4] INFO  com.cases.BookAppointment - Driver is closed
17:05:20.518 [main] INFO  com.cases.AssessmentAutoFill10old - Driver is initialized.
17:05:22.966 [main] INFO  com.cases.AssessmentAutoFill10old - Driver is closed
17:08:06.672 [main] INFO  com.cases.AssessmentAutoFill10old - Driver is initialized.
17:08:07.797 [main] INFO  com.cases.AssessmentAutoFill10old - Driver is closed
17:10:03.310 [main] INFO  com.cases.AssessmentAutoFill10old - Driver is initialized.
17:10:07.218 [main] INFO  com.cases.AssessmentAutoFill10old - Successfully Logged In
17:10:07.232 [main] INFO  com.cases.AssessmentAutoFill10old - Driver is closed
17:16:21.442 [main] INFO  com.cases.AssessmentAutoFill10old - Driver is initialized.
17:16:35.903 [main] INFO  com.cases.AssessmentAutoFill10old - Driver is closed
17:19:19.661 [main] INFO  com.cases.AssessmentAutoFill10old - Driver is initialized.
17:19:33.370 [main] INFO  com.cases.AssessmentAutoFill10old - Driver is closed
17:21:03.016 [main] INFO  com.cases.AssessmentAutoFill10old - Driver is initialized.
17:21:19.816 [main] INFO  com.cases.AssessmentAutoFill10old - Driver is closed
17:22:06.713 [main] INFO  com.cases.AssessmentAutoFill10old - Driver is initialized.
17:22:23.248 [main] INFO  com.cases.AssessmentAutoFill10old - Driver is closed
17:24:47.958 [main] INFO  com.cases.AssessmentAutoFill10old - Driver is initialized.
17:24:54.475 [main] INFO  com.cases.AssessmentAutoFill10old - Successfully Logged In
17:24:54.752 [main] INFO  com.cases.AssessmentAutoFill10old - Driver is closed
17:26:56.991 [main] INFO  com.cases.AssessmentAutoFill10old - Driver is initialized.
17:27:03.131 [main] INFO  com.cases.AssessmentAutoFill10old - Successfully Logged In
17:27:03.447 [main] INFO  com.cases.AssessmentAutoFill10old - Driver is closed
17:29:52.656 [main] INFO  com.cases.AssessmentAutoFill10old - Driver is initialized.
17:29:58.391 [main] INFO  com.cases.AssessmentAutoFill10old - Successfully Logged In
17:29:58.689 [main] INFO  com.cases.AssessmentAutoFill10old - Driver is closed
17:30:00.365 [main] INFO  com.cases.ValidateTitle - Driver is initialized.
17:30:13.081 [main] INFO  com.cases.ValidateTitle - Driver is closed
17:33:50.073 [main] INFO  com.cases.AssessmentAutoFill10old - Driver is initialized.
17:33:56.136 [main] INFO  com.cases.AssessmentAutoFill10old - Successfully Logged In
17:33:56.382 [main] INFO  com.cases.AssessmentAutoFill10old - Driver is closed
17:33:58.032 [main] INFO  com.cases.BookAppointment - Driver is initialized.
17:34:10.866 [main] INFO  com.cases.BookAppointment - Driver is closed
17:34:12.591 [main] INFO  com.cases.ValidateFooter - Driver is initialized.
17:34:25.003 [main] INFO  com.cases.ValidateFooter - Driver is closed
17:34:26.700 [main] INFO  com.cases.ValidateTitle - Driver is initialized.
17:34:39.276 [main] INFO  com.cases.ValidateTitle - Driver is closed
17:42:31.959 [TestNG-tests-4] INFO  com.cases.BookAppointment - Driver is initialized.
17:42:32.156 [TestNG-tests-1] INFO  com.cases.AssessmentAutoFill10old - Driver is initialized.
17:42:32.810 [TestNG-tests-3] INFO  com.cases.ValidateTitle - Driver is initialized.
17:42:32.836 [TestNG-tests-2] INFO  com.cases.ValidateFooter - Driver is initialized.
17:42:42.776 [TestNG-tests-1] INFO  com.cases.AssessmentAutoFill10old - Successfully Logged In
17:42:43.784 [TestNG-tests-1] INFO  com.cases.AssessmentAutoFill10old - Driver is closed
17:42:47.947 [TestNG-tests-2] INFO  com.cases.ValidateFooter - Driver is closed
17:42:48.468 [TestNG-tests-4] INFO  com.cases.BookAppointment - Driver is closed
17:42:49.772 [TestNG-tests-3] INFO  com.cases.ValidateTitle - Driver is closed
18:12:11.759 [TestNG-tests-1] INFO  com.cases.AssessmentAutoFill10old - Driver is initialized.
18:12:18.633 [TestNG-tests-1] INFO  com.cases.AssessmentAutoFill10old - Successfully Logged In
18:12:18.987 [TestNG-tests-1] INFO  com.cases.AssessmentAutoFill10old - Driver is closed
18:26:53.505 [main] INFO  com.cases.AssessmentAutoFill10old - Driver is initialized.
18:27:08.046 [main] INFO  com.cases.AssessmentAutoFill10old - Driver is closed
18:55:28.007 [main] INFO  com.cases.AssessmentAutoFill10_TC1 - Driver is initialized.
18:55:33.200 [main] INFO  com.cases.AssessmentAutoFill10_TC1 - Driver is closed
18:57:02.099 [main] INFO  com.cases.AssessmentAutoFill10_TC1 - Driver is initialized.
18:57:05.787 [main] INFO  com.cases.AssessmentAutoFill10_TC1 - Driver is closed
19:45:36.140 [main] INFO  com.cases.AssessmentAutoFill10_TC1 - Driver is initialized.
19:45:39.689 [main] INFO  com.cases.AssessmentAutoFill10_TC1 - Driver is closed
19:48:38.519 [main] INFO  com.cases.AssessmentAutoFill10_TC1 - Driver is initialized.
19:51:12.902 [main] INFO  com.cases.AssessmentAutoFill10_TC1 - Driver is closed
20:00:12.455 [main] INFO  com.cases.AssessmentAutoFill10_TC1 - Driver is initialized.
20:09:02.416 [main] INFO  com.cases.AssessmentAutoFill10_TC1 - Driver is closed
20:09:19.808 [main] INFO  com.cases.AssessmentAutoFill10_TC1 - Driver is initialized.
20:09:40.133 [main] INFO  com.cases.AssessmentAutoFill10_TC1 - Driver is closed
20:12:40.495 [main] INFO  com.cases.AssessmentAutoFill10_TC1 - Driver is initialized.
20:12:45.998 [main] INFO  com.cases.AssessmentAutoFill10_TC1 - Driver is closed
20:14:02.378 [main] INFO  com.cases.AssessmentAutoFill10_TC1 - Driver is initialized.
20:14:07.565 [main] INFO  com.cases.AssessmentAutoFill10_TC1 - Driver is closed
20:15:23.819 [main] INFO  com.cases.AssessmentAutoFill10_TC1 - Driver is initialized.
20:15:38.681 [main] INFO  com.cases.AssessmentAutoFill10_TC1 - Driver is closed
20:41:44.397 [main] INFO  com.cases.AssessmentAutoFill10_TC1 - Driver is initialized.
20:42:06.313 [main] INFO  com.cases.AssessmentAutoFill10_TC1 - Driver is closed
20:45:17.374 [main] INFO  com.cases.AssessmentAutoFill10_TC1 - Driver is initialized.
20:45:39.299 [main] INFO  com.cases.AssessmentAutoFill10_TC1 - Driver is closed
21:21:46.382 [TestNG-tests-1] INFO  com.cases.AssessmentAutoFill10_TC1 - Driver is initialized.
21:22:06.629 [TestNG-tests-1] INFO  com.cases.AssessmentAutoFill10_TC1 - Driver is closed
21:23:33.750 [main] INFO  com.cases.AssessmentAutoFill10_TC1 - Driver is initialized.
21:23:53.441 [main] INFO  com.cases.AssessmentAutoFill10_TC1 - Driver is closed
21:28:16.289 [TestNG-tests-1] INFO  com.cases.AssessmentAutoFill10_TC1 - Driver is initialized.
21:28:36.361 [TestNG-tests-1] INFO  com.cases.AssessmentAutoFill10_TC1 - Driver is closed
21:41:06.307 [main] INFO  com.cases.AssessmentAutoFill10_TC1 - Driver is initialized.
21:41:26.464 [main] INFO  com.cases.AssessmentAutoFill10_TC1 - Driver is closed
08:20:42.229 [main] INFO  com.cases.AssessmentAutoFill10_TC1 - Driver is initialized.
08:21:02.640 [main] INFO  com.cases.AssessmentAutoFill10_TC1 - Driver is closed
08:22:35.184 [TestNG-tests-1] INFO  com.cases.AssessmentAutoFill10_TC1 - Driver is initialized.
08:22:54.630 [TestNG-tests-1] INFO  com.cases.AssessmentAutoFill10_TC1 - Driver is closed
08:30:01.161 [TestNG-tests-1] INFO  com.cases.AssessmentAutoFill10_TC1 - Driver is initialized.
08:30:03.078 [TestNG-tests-1] INFO  com.cases.AssessmentAutoFill10_TC1 - Driver is closed
08:32:18.737 [TestNG-tests-1] INFO  com.cases.AssessmentAutoFill10_TC1 - Driver is initialized.
08:32:19.813 [TestNG-tests-1] INFO  com.cases.AssessmentAutoFill10_TC1 - testing logs
08:32:38.572 [TestNG-tests-1] INFO  com.cases.AssessmentAutoFill10_TC1 - Driver is closed
08:33:46.160 [TestNG-tests-1] INFO  com.cases.AssessmentAutoFill10_TC1 - Driver is initialized.
08:34:06.539 [TestNG-tests-1] INFO  com.cases.AssessmentAutoFill10_TC1 - Driver is closed
08:42:56.599 [TestNG-tests-1] INFO  com.cases.AssessmentAutoFill10_TC1 - Driver is initialized.
08:42:59.662 [TestNG-tests-1] INFO  com.cases.AssessmentAutoFill10_TC1 - Driver is closed
08:48:34.747 [TestNG-tests-1] INFO  com.cases.AssessmentAutoFill10_TC1 - Driver is initialized.
08:48:55.866 [TestNG-tests-1] INFO  com.cases.AssessmentAutoFill10_TC1 - Driver is closed
09:09:40.760 [TestNG-tests-1] INFO  com.cases.AssessmentAutoFill10_TC1 - Driver is initialized.
09:09:42.385 [TestNG-tests-1] INFO  com.cases.AssessmentAutoFill10_TC1 - Driver is initializjghjgbjhed.
09:09:42.385 [TestNG-tests-1] INFO  com.cases.AssessmentAutoFill10_TC1 - This is a log message
09:10:02.128 [TestNG-tests-1] INFO  com.cases.AssessmentAutoFill10_TC1 - Driver is closed
11:14:28.315 [TestNG-tests-1] INFO  com.cases.AssessmentAutoFill10_TC1 - Driver is initialized.
11:14:50.931 [TestNG-tests-1] INFO  com.cases.AssessmentAutoFill10_TC1 - Driver is closed
11:21:01.497 [TestNG-tests-1] INFO  com.cases.AssessmentAutoFill10_TC1 - Driver is initialized.
11:21:23.902 [TestNG-tests-1] INFO  com.cases.AssessmentAutoFill10_TC1 - Driver is closed
15:48:06.966 [TestNG-tests-1] INFO  com.cases.AssessmentAutoFill10_TC1 - Driver is initialized.
15:48:10.206 [TestNG-tests-1] INFO  com.cases.AssessmentAutoFill10_TC1 - Driver is closed
15:56:36.557 [TestNG-tests-1] INFO  com.cases.AssessmentAutoFill10_TC1 - Driver is initialized.
15:56:58.718 [TestNG-tests-1] INFO  com.cases.AssessmentAutoFill10_TC1 - Driver is closed
16:30:51.507 [TestNG-tests-1] INFO  com.cases.AssessmentAutoFill10_TC1 - Driver is initialized.
16:31:11.566 [TestNG-tests-1] INFO  com.cases.AssessmentAutoFill10_TC1 - Driver is closed
16:42:45.080 [TestNG-tests-1] INFO  com.cases.AssessmentAutoFill10_TC1 - Driver is initialized.
16:43:05.517 [TestNG-tests-1] INFO  com.cases.AssessmentAutoFill10_TC1 - Driver is closed
16:48:02.032 [TestNG-tests-1] INFO  com.cases.AssessmentAutoFill10_TC1 - Driver is initialized.
16:48:04.379 [TestNG-tests-1] INFO  com.cases.AssessmentAutoFill10_TC1 - Driver is closed
16:52:40.678 [TestNG-tests-1] INFO  com.cases.AssessmentAutoFill10_TC1 - Driver is initialized.
16:52:42.218 [TestNG-tests-1] INFO  com.cases.AssessmentAutoFill10_TC1 - Driver is closed
16:53:46.332 [TestNG-tests-1] INFO  com.cases.AssessmentAutoFill10_TC1 - Driver is initialized.
16:53:47.672 [TestNG-tests-1] INFO  com.cases.AssessmentAutoFill10_TC1 - Driver is closed
16:54:58.123 [TestNG-tests-1] INFO  com.cases.AssessmentAutoFill10_TC1 - Driver is initialized.
16:54:59.655 [TestNG-tests-1] INFO  com.cases.AssessmentAutoFill10_TC1 - Driver is closed
16:58:19.169 [TestNG-tests-1] INFO  com.cases.AssessmentAutoFill10_TC1 - Driver is initialized.
16:58:39.151 [TestNG-tests-1] INFO  com.cases.AssessmentAutoFill10_TC1 - Driver is closed
17:02:40.148 [TestNG-tests-1] INFO  com.cases.AssessmentAutoFill10_TC1 - Driver is initialized.
17:02:50.865 [TestNG-tests-1] INFO  com.cases.AssessmentAutoFill10_TC1 - Driver is closed
17:07:30.183 [TestNG-tests-1] INFO  com.cases.AssessmentAutoFill10_TC1 - Driver is initialized.
17:07:33.464 [TestNG-tests-1] INFO  com.cases.AssessmentAutoFill10_TC1 - Driver is initialized.
17:07:53.469 [TestNG-tests-1] INFO  com.cases.AssessmentAutoFill10_TC1 - Driver is closed
17:07:53.781 [TestNG-tests-1] INFO  com.cases.AssessmentAutoFill10_TC1 - Driver is closed
17:09:08.437 [TestNG-tests-1] INFO  com.cases.AssessmentAutoFill10_TC1 - Driver is initialized.
17:09:11.485 [TestNG-tests-1] INFO  com.cases.AssessmentAutoFill10_TC1 - Driver is initialized.
17:09:30.723 [TestNG-tests-1] INFO  com.cases.AssessmentAutoFill10_TC1 - Driver is closed
17:09:31.030 [TestNG-tests-1] INFO  com.cases.AssessmentAutoFill10_TC1 - Driver is closed
17:18:09.649 [TestNG-tests-1] INFO  com.cases.AssessmentAutoFill10_TC1 - Driver is initialized.
17:18:12.552 [TestNG-tests-1] INFO  com.cases.AssessmentAutoFill10_TC1 - Driver is initialized.
17:18:32.456 [TestNG-tests-1] INFO  com.cases.AssessmentAutoFill10_TC1 - Driver is closed
17:18:32.761 [TestNG-tests-1] INFO  com.cases.AssessmentAutoFill10_TC1 - Driver is closed
17:26:01.715 [TestNG-tests-1] INFO  com.cases.AssessmentAutoFill10_TC1 - Driver is initialized.
17:26:04.561 [TestNG-tests-1] INFO  com.cases.AssessmentAutoFill10_TC1 - Driver is initialized.
17:26:52.080 [main] INFO  com.cases.AssessmentAutoFill10_TC1 - Driver is initialized.
17:26:55.285 [main] INFO  com.cases.AssessmentAutoFill10_TC1 - Driver is initialized.
17:27:14.634 [main] INFO  com.cases.AssessmentAutoFill10_TC1 - Driver is closed
17:27:14.972 [main] INFO  com.cases.AssessmentAutoFill10_TC1 - Driver is closed
17:27:30.897 [main] INFO  com.cases.AssessmentAutoFill10_TC1 - Driver is initialized.
17:27:33.783 [main] INFO  com.cases.AssessmentAutoFill10_TC1 - Driver is initialized.
18:35:54.713 [main] INFO  com.cases.AssessmentAutoFill10_TC1 - Driver is initialized.
18:35:58.076 [main] INFO  com.cases.AssessmentAutoFill10_TC1 - Driver is initialized.
18:36:18.593 [main] INFO  com.cases.AssessmentAutoFill10_TC1 - Driver is closed
18:36:18.900 [main] INFO  com.cases.AssessmentAutoFill10_TC1 - Driver is closed
18:38:21.463 [main] INFO  com.cases.AssessmentAutoFill10_TC1 - Driver is initialized.
18:38:25.214 [main] INFO  com.cases.AssessmentAutoFill10_TC1 - Driver is initialized.
18:38:45.714 [main] INFO  com.cases.AssessmentAutoFill10_TC1 - Driver is closed
18:38:46.284 [main] INFO  com.cases.AssessmentAutoFill10_TC1 - Driver is closed
18:40:06.467 [main] INFO  com.cases.AssessmentAutoFill10_TC1 - Driver is initialized.
18:40:09.848 [main] INFO  com.cases.AssessmentAutoFill10_TC1 - Driver is initialized.
18:40:31.999 [main] INFO  com.cases.AssessmentAutoFill10_TC1 - Driver is closed
18:40:33.433 [main] INFO  com.cases.AssessmentAutoFill10_TC1 - Driver is closed
18:44:16.202 [main] INFO  com.cases.AssessmentAutoFill10_TC1 - Driver is initialized.
18:44:17.811 [main] INFO  com.cases.AssessmentAutoFill10_TC1 - Driver is closed
18:44:19.789 [main] INFO  com.cases.AssessmentAutoFill10_TC1 - Driver is initialized.
18:44:20.566 [main] INFO  com.cases.AssessmentAutoFill10_TC1 - Driver is closed
18:44:44.759 [main] INFO  com.cases.AssessmentAutoFill10_TC1 - Driver is initialized.
18:44:56.267 [main] INFO  com.cases.AssessmentAutoFill10_TC1 - Driver is closed
18:44:58.687 [main] INFO  com.cases.AssessmentAutoFill10_TC1 - Driver is initialized.
18:45:08.136 [main] INFO  com.cases.AssessmentAutoFill10_TC1 - Driver is closed
18:47:44.180 [main] INFO  com.cases.AssessmentAutoFill10_TC1 - Driver is initialized.
18:47:46.841 [main] INFO  com.cases.AssessmentAutoFill10_TC1 - Driver is initialized.
18:48:09.191 [main] INFO  com.cases.AssessmentAutoFill10_TC1 - Driver is closed
18:48:09.536 [main] INFO  com.cases.AssessmentAutoFill10_TC1 - Driver is closed
19:31:21.231 [main] INFO  com.cases.AssessmentAutoFill10_TC1 - Driver is initialized.
19:31:24.315 [main] INFO  com.cases.AssessmentAutoFill10_TC1 - Driver is initialized.
19:31:46.476 [main] INFO  com.cases.AssessmentAutoFill10_TC1 - Driver is closed
19:31:46.732 [main] INFO  com.cases.AssessmentAutoFill10_TC1 - Driver is closed
19:34:07.919 [main] INFO  com.cases.AssessmentAutoFill10_TC1 - Driver is initialized.
19:34:11.019 [main] INFO  com.cases.AssessmentAutoFill10_TC1 - Driver is initialized.
19:37:17.489 [main] INFO  com.cases.AssessmentAutoFill10_TC1 - Driver is initialized.
19:37:28.403 [main] INFO  com.cases.AssessmentAutoFill10_TC1 - Driver is closed
19:37:30.640 [main] INFO  com.cases.AssessmentAutoFill10_TC1 - Driver is initialized.
19:37:40.691 [main] INFO  com.cases.AssessmentAutoFill10_TC1 - Driver is closed
19:42:56.931 [main] INFO  com.cases.AssessmentAutoFill10_TC1 - Driver is initialized.
19:43:00.095 [main] INFO  com.cases.AssessmentAutoFill10_TC1 - Driver is initialized.
19:44:12.229 [main] INFO  com.cases.AssessmentAutoFill10_TC1 - Driver is initialized.
19:44:23.184 [main] INFO  com.cases.AssessmentAutoFill10_TC1 - Driver is closed
19:44:25.287 [main] INFO  com.cases.AssessmentAutoFill10_TC1 - Driver is initialized.
19:44:34.941 [main] INFO  com.cases.AssessmentAutoFill10_TC1 - Driver is closed
